Removed Pin From Net: NetName=NetC3_1 Pin=IC1-1
Added Component: Designator=C6(FP-GRM188-0_2-IPC_C)
Add component (AddParameter): Name = "Capacitance"; Value = "22uF"; VariantName = "[No Variations]"
Add component (AddParameter): Name = "Case Code (Imperial)"; Value = "0603"; VariantName = "[No Variations]"
Add component (AddParameter): Name = "Case Code (Metric)"; Value = "1608"; VariantName = "[No Variations]"
Add component (AddParameter): Name = "Case/Package"; Value = "0603"; VariantName = "[No Variations]"
Add component (AddParameter): Name = "Depth"; Value = "0.8mm"; VariantName = "[No Variations]"
Add component (AddParameter): Name = "Dielectric"; Value = "X5R"; VariantName = "[No Variations]"
Add component (AddParameter): Name = "Height"; Value = "0.8mm"; VariantName = "[No Variations]"
Add component (AddParameter): Name = "Lead Free"; Value = "Lead Free"; VariantName = "[No Variations]"
Add component (AddParameter): Name = "Length"; Value = "1.6mm"; VariantName = "[No Variations]"
Add component (AddParameter): Name = "Material"; Value = "Ceramic"; VariantName = "[No Variations]"
Add component (AddParameter): Name = "Max Operating Temperature"; Value = "85°C"; VariantName = "[No Variations]"
Add component (AddParameter): Name = "Min Operating Temperature"; Value = "-55°C"; VariantName = "[No Variations]"
Add component (AddParameter): Name = "Mount"; Value = "Surface Mount"; VariantName = "[No Variations]"
Add component (AddParameter): Name = "Package Quantity"; Value = "4000"; VariantName = "[No Variations]"
Add component (AddParameter): Name = "Packaging"; Value = "Tape and Reel"; VariantName = "[No Variations]"
Add component (AddParameter): Name = "REACH SVHC"; Value = "No SVHC"; VariantName = "[No Variations]"
Add component (AddParameter): Name = "Termination"; Value = "SMD/SMT"; VariantName = "[No Variations]"
Add component (AddParameter): Name = "Thickness"; Value = "0.039inch"; VariantName = "[No Variations]"
Add component (AddParameter): Name = "Tolerance"; Value = "20%"; VariantName = "[No Variations]"
Add component (AddParameter): Name = "Voltage Rating"; Value = "10V"; VariantName = "[No Variations]"
Add component (AddParameter): Name = "Voltage Rating (DC)"; Value = "10V"; VariantName = "[No Variations]"
Add component (AddParameter): Name = "Weight"; Value = "0.000222oz"; VariantName = "[No Variations]"
Add component (AddParameter): Name = "Width"; Value = "0.8mm"; VariantName = "[No Variations]"
Added Component: Designator=TP1(Testpoint1)
Added Component: Designator=TP2(Testpoint1)
Added Component: Designator=TP3(Testpoint1)
Added Component: Designator=TP4(Testpoint1)
Added Component: Designator=TP5(Testpoint1)
Added Component: Designator=TP6(Testpoint1)
Added Component: Designator=TP7(Testpoint1)
Added Component: Designator=TP8(Testpoint1)
Added Component: Designator=TP9(Testpoint1)
Added Component: Designator=TP10(Testpoint1)
Added Component: Designator=TP11(Testpoint1)
Added Pin To Net: NetName=GND Pin=C6-2
Added Pin To Net: NetName=NetC6_1 Pin=C6-1
Added Pin To Net: NetName=NetC6_1 Pin=IC1-1
Added Net: Name=NetC6_1
Added Member To Class: ClassName=Battery mngmt Member=Component C6 GRM188R61A226ME15D
Added Member To Class: ClassName=Battery mngmt Member=Component TP1 TP_1
Added Member To Class: ClassName=Battery mngmt Member=Component TP2 TP_1
Added Member To Class: ClassName=Battery mngmt Member=Component TP3 TP_1
Added Member To Class: ClassName=Battery mngmt Member=Component TP4 TP_1
Added Member To Class: ClassName=Battery mngmt Member=Component TP5 TP_1
Added Member To Class: ClassName=Battery mngmt Member=Component TP6 TP_1
Added Member To Class: ClassName=Battery mngmt Member=Component TP7 TP_1
Added Member To Class: ClassName=Battery mngmt Member=Component TP8 TP_1
Added Member To Class: ClassName=Battery mngmt Member=Component TP9 TP_1
Added Member To Class: ClassName=Battery mngmt Member=Component TP10 TP_1
Added Member To Class: ClassName=Battery mngmt Member=Component TP11 TP_1
Added Room: Name=Battery mngmt
Added Room: Name=Microcontroller module
