Added Component: Designator=C6(CAPC2013X71X50LL20T25)
Add component (AddParameter): Name = "Manufacturer"; Value = "AVX Interconnect / Elco"; VariantName = "[No Variations]"
Add component (AddParameter): Name = "Part Number"; Value = "08055A120JAT2A"; VariantName = "[No Variations]"
Added Component: Designator=C7(CAPC2013X71X50LL20T25)
Add component (AddParameter): Name = "Manufacturer"; Value = "AVX Interconnect / Elco"; VariantName = "[No Variations]"
Add component (AddParameter): Name = "Part Number"; Value = "08055A120JAT2A"; VariantName = "[No Variations]"
Added Component: Designator=J1(FP-M20-9990246-MFG)
Add component (AddParameter): Name = "Automotive"; Value = "No"; VariantName = "[No Variations]"
Add component (AddParameter): Name = "Category"; Value = "Conn"; VariantName = "[No Variations]"
Add component (AddParameter): Name = "ComponentLink2Description"; Value = "Datasheet"; VariantName = "[No Variations]"
Add component (AddParameter): Name = "ComponentLink2URL"; Value = "https://cdn.harwin.com/pdfs/M20-999.pdf"; VariantName = "[No Variations]"
Add component (AddParameter): Name = "Conn Gender"; Value = "Male"; VariantName = "[No Variations]"
Add component (AddParameter): Name = "Conn Orientation"; Value = "Vertical"; VariantName = "[No Variations]"
Add component (AddParameter): Name = "Contact Material"; Value = "Tin,Nickel"; VariantName = "[No Variations]"
Add component (AddParameter): Name = "Current Rating"; Value = "3A"; VariantName = "[No Variations]"
Add component (AddParameter): Name = "Device Class L1"; Value = "Connectors"; VariantName = "[No Variations]"
Add component (AddParameter): Name = "Device Class L2"; Value = "Headers and Wire Housings"; VariantName = "[No Variations]"
Add component (AddParameter): Name = "Device Class L3"; Value = "unset"; VariantName = "[No Variations]"
Add component (AddParameter): Name = "Digikey Description"; Value = "CONN HEADER VERT 2POS 2.54MM"; VariantName = "[No Variations]"
Add component (AddParameter): Name = "Height"; Value = "8.99mm"; VariantName = "[No Variations]"
Add component (AddParameter): Name = "Lead Free"; Value = "Yes"; VariantName = "[No Variations]"
Add component (AddParameter): Name = "Manufacturer"; Value = "Harwin"; VariantName = "[No Variations]"
Add component (AddParameter): Name = "Manufacturer Part Number"; Value = "M20-9990246"; VariantName = "[No Variations]"
Add component (AddParameter): Name = "Mouser Description"; Value = "2.54mm (0.1") Pitch SIL Vertical PC Tail Pin Header, 6.1mm mating pin height, tin, 2 contacts"; VariantName = "[No Variations]"
Add component (AddParameter): Name = "Number Of Contacts"; Value = "2"; VariantName = "[No Variations]"
Add component (AddParameter): Name = "Number Of Rows"; Value = "1"; VariantName = "[No Variations]"
Add component (AddParameter): Name = "Octopart"; Value = "https://octopart.com/m20-9990246-harwin-2590635"; VariantName = "[No Variations]"
Add component (AddParameter): Name = "Package"; Value = "M20-9990246"; VariantName = "[No Variations]"
Add component (AddParameter): Name = "Pitch"; Value = "2.54mm"; VariantName = "[No Variations]"
Add component (AddParameter): Name = "RoHS"; Value = "TRUE"; VariantName = "[No Variations]"
Add component (AddParameter): Name = "Temperature"; Value = "-40°C to +105°C"; VariantName = "[No Variations]"
Add component (AddParameter): Name = "Temperature Range High"; Value = "+105°C"; VariantName = "[No Variations]"
Add component (AddParameter): Name = "Temperature Range Low"; Value = "-40°C"; VariantName = "[No Variations]"
Added Component: Designator=J2(FP-M20-9990246-MFG)
Add component (AddParameter): Name = "Automotive"; Value = "No"; VariantName = "[No Variations]"
Add component (AddParameter): Name = "Category"; Value = "Conn"; VariantName = "[No Variations]"
Add component (AddParameter): Name = "ComponentLink2Description"; Value = "Datasheet"; VariantName = "[No Variations]"
Add component (AddParameter): Name = "ComponentLink2URL"; Value = "https://cdn.harwin.com/pdfs/M20-999.pdf"; VariantName = "[No Variations]"
Add component (AddParameter): Name = "Conn Gender"; Value = "Male"; VariantName = "[No Variations]"
Add component (AddParameter): Name = "Conn Orientation"; Value = "Vertical"; VariantName = "[No Variations]"
Add component (AddParameter): Name = "Contact Material"; Value = "Tin,Nickel"; VariantName = "[No Variations]"
Add component (AddParameter): Name = "Current Rating"; Value = "3A"; VariantName = "[No Variations]"
Add component (AddParameter): Name = "Device Class L1"; Value = "Connectors"; VariantName = "[No Variations]"
Add component (AddParameter): Name = "Device Class L2"; Value = "Headers and Wire Housings"; VariantName = "[No Variations]"
Add component (AddParameter): Name = "Device Class L3"; Value = "unset"; VariantName = "[No Variations]"
Add component (AddParameter): Name = "Digikey Description"; Value = "CONN HEADER VERT 2POS 2.54MM"; VariantName = "[No Variations]"
Add component (AddParameter): Name = "Height"; Value = "8.99mm"; VariantName = "[No Variations]"
Add component (AddParameter): Name = "Lead Free"; Value = "Yes"; VariantName = "[No Variations]"
Add component (AddParameter): Name = "Manufacturer"; Value = "Harwin"; VariantName = "[No Variations]"
Add component (AddParameter): Name = "Manufacturer Part Number"; Value = "M20-9990246"; VariantName = "[No Variations]"
Add component (AddParameter): Name = "Mouser Description"; Value = "2.54mm (0.1") Pitch SIL Vertical PC Tail Pin Header, 6.1mm mating pin height, tin, 2 contacts"; VariantName = "[No Variations]"
Add component (AddParameter): Name = "Number Of Contacts"; Value = "2"; VariantName = "[No Variations]"
Add component (AddParameter): Name = "Number Of Rows"; Value = "1"; VariantName = "[No Variations]"
Add component (AddParameter): Name = "Octopart"; Value = "https://octopart.com/m20-9990246-harwin-2590635"; VariantName = "[No Variations]"
Add component (AddParameter): Name = "Package"; Value = "M20-9990246"; VariantName = "[No Variations]"
Add component (AddParameter): Name = "Pitch"; Value = "2.54mm"; VariantName = "[No Variations]"
Add component (AddParameter): Name = "RoHS"; Value = "TRUE"; VariantName = "[No Variations]"
Add component (AddParameter): Name = "Temperature"; Value = "-40°C to +105°C"; VariantName = "[No Variations]"
Add component (AddParameter): Name = "Temperature Range High"; Value = "+105°C"; VariantName = "[No Variations]"
Add component (AddParameter): Name = "Temperature Range Low"; Value = "-40°C"; VariantName = "[No Variations]"
Added Component: Designator=U1(XCVR_BT840X)
Add component (AddParameter): Name = "Availability"; Value = "Unavailable"; VariantName = "[No Variations]"
Add component (AddParameter): Name = "MF"; Value = "{'manufacturer': u'Fanstel Corp.'}"; VariantName = "[No Variations]"
Add component (AddParameter): Name = "MP"; Value = "BT840X"; VariantName = "[No Variations]"
Add component (AddParameter): Name = "Package"; Value = "None"; VariantName = "[No Variations]"
Add component (AddParameter): Name = "Price"; Value = "None"; VariantName = "[No Variations]"
Add component (AddParameter): Name = "Value"; Value = ""; VariantName = "[No Variations]"
Add Component: Footprint Not Found XTAL_2012
Added Pin To Net: NetName=GND Pin=C6-1
Added Pin To Net: NetName=GND Pin=C7-1
Added Pin To Net: NetName=NetJ1_1 Pin=J1-1
Added Pin To Net: NetName=NetJ1_2 Pin=J1-2
Added Pin To Net: NetName=HVOUT Pin=U1-9
Added Pin To Net: NetName=GND Pin=U1-10
Added Pin To Net: NetName=NetJ1_1 Pin=U1-15
Added Pin To Net: NetName=NetJ1_2 Pin=U1-16
Added Pin To Net: NetName=GND Pin=U1-A0
Added Pin To Net: NetName=GND Pin=U1-B0
Added Pin To Net: NetName=GND Pin=U1-C0
Added Pin To Net: NetName=GND Pin=U1-D0
Added Pin To Net: NetName=GND Pin=U1-F0
Added Pin To Net: NetName=GND Pin=U1-F1
Added Pin To Net: NetName=GND Pin=U1-F2
Added Pin To Net: NetName=GND Pin=U1-F3
Added Pin To Net: NetName=NetC6_2 Pin=C6-2
Added Pin To Net: NetName=NetC6_2 Pin=U1-3
Added Net: Name=NetC6_2
Added Pin To Net: NetName=NetC7_2 Pin=C7-2
Added Pin To Net: NetName=NetC7_2 Pin=U1-4
Added Net: Name=NetC7_2
Added Pin To Net: NetName=NetJ2_1 Pin=J2-1
Added Pin To Net: NetName=NetJ2_1 Pin=U1-2
Added Net: Name=NetJ2_1
Added Pin To Net: NetName=NetJ2_2 Pin=J2-2
Added Pin To Net: NetName=NetJ2_2 Pin=U1-1
Added Net: Name=NetJ2_2
Added Pin To Net: NetName=P0.11 Pin=IC1-19
Added Pin To Net: NetName=P0.11 Pin=U1-11
Added Net: Name=P0.11
Added Pin To Net: NetName=P0.13 Pin=IC1-21
Added Pin To Net: NetName=P0.13 Pin=U1-13
Added Net: Name=P0.13
Added Pin To Net: NetName=P1.00 Pin=IC1-20
Added Pin To Net: NetName=P1.00 Pin=U1-12
Added Net: Name=P1.00
Added Member To Class: ClassName=Battery mngmt Member=Component C1 D
Added Member To Class: ClassName=Battery mngmt Member=Component C2 GRM188R60J476ME15D
Added Member To Class: ClassName=Battery mngmt Member=Component C3 GRM188R61A226ME15D
Added Member To Class: ClassName=Battery mngmt Member=Component C4 C1608X5R1A106M080AC
Added Member To Class: ClassName=Battery mngmt Member=Component C5 C1608X5R1A106M080AC
Added Member To Class: ClassName=Microcontroller module Member=Component C6 12pF
Added Member To Class: ClassName=Microcontroller module Member=Component C7 12pF
Added Member To Class: ClassName=Battery mngmt Member=Component IC1 AEM10941-QFN
Added Member To Class: ClassName=Microcontroller module Member=Component J1 M20-9990246
Added Member To Class: ClassName=Microcontroller module Member=Component J2 M20-9990246
Added Member To Class: ClassName=Battery mngmt Member=Component L1 LPS4012-103MRB
Added Member To Class: ClassName=Battery mngmt Member=Component L2 MLZ1608M100WT000
Added Member To Class: ClassName=Battery mngmt Member=Component P1 Solar panel
Added Member To Class: ClassName=Battery mngmt Member=Component P2 Supercap
Added Member To Class: ClassName=Battery mngmt Member=Component R1 CRCW0805715KFKEA
Added Member To Class: ClassName=Battery mngmt Member=Component R2 RC0805FR-0710KL
Added Member To Class: ClassName=Battery mngmt Member=Component R3 CRCW080547K5FKEA
Added Member To Class: ClassName=Battery mngmt Member=Component R4 CRCW0805220KFKEA
Added Member To Class: ClassName=Battery mngmt Member=Component R5 CRCW0805698KFKEA
Added Member To Class: ClassName=Battery mngmt Member=Component R6 CRCW0805300KFKEA
Added Member To Class: ClassName=Microcontroller module Member=Component U1 BT840X
Add Class Member: Failed to add class member : Component X1 32.768kHz
Added Room: Name=Battery mngmt
Added Room: Name=Microcontroller module
