Remove Pin=U1-13 From Net=P0.13
Remove Pin=U1-14 From Net=P0.14
Remove Pin=U1-15 From Net=P0.17
Remove Pin=U1-16 From Net=P0.18/RESET
Remove Pin=U1-18 From Net=P0.19
Remove Pin=U1-19 From Net=P0.20
Remove Pin=U1-20 From Net=P0.21
Remove Pin=U1-21 From Net=P0.22
Remove Pin=U1-22 From Net=P0.23
Remove Pin=U1-23 From Net=P0.24
Remove Pin=U1-24 From Net=P1.00
Remove Pin=U1-26 From Net=SWDIO
Remove Pin=U1-27 From Net=SWDCLK
Remove Pin=U1-38 From Net=P1.15
Remove Pin=U1-39 From Net=P0.03/AIN1
Remove Pin=U1-40 From Net=P0.02/AIN0
Remove Pin=U1-41 From Net=P0.28/AIN4
Remove Pin=U1-42 From Net=P0.29/AIN5
Remove Pin=U1-43 From Net=P0.30/AIN6
Remove Pin=U1-44 From Net=P0.31/AIN7
