Added Component: Designator=TP1(Test point)
Added Component: Designator=TP2(Test point)
Added Component: Designator=TP3(Test point)
Added Component: Designator=TP4(Test point)
Added Component: Designator=TP5(Test point)
Added Component: Designator=TP6(Test point)
Added Component: Designator=TP7(Test point)
Added Component: Designator=TP8(Test point)
Added Component: Designator=TP9(Test point)
Added Component: Designator=TP10(Test point)
Add Pin To Net: Unknown Pin: Pin TP1-1
Add Pin To Net: Unknown Pin: Pin TP2-1
Add Pin To Net: Unknown Pin: Pin TP3-1
Add Pin To Net: Unknown Pin: Pin TP4-1
Add Pin To Net: Unknown Pin: Pin TP5-1
Add Pin To Net: Unknown Pin: Pin TP6-1
Add Pin To Net: Unknown Pin: Pin TP7-1
Add Pin To Net: Unknown Pin: Pin TP8-1
Add Pin To Net: Unknown Pin: Pin TP9-1
Add Pin To Net: Unknown Pin: Pin TP10-1
Added Member To Class: ClassName=Battery mngmt Member=Component TP1 Test_point
Added Member To Class: ClassName=Battery mngmt Member=Component TP2 Test_point
Added Member To Class: ClassName=Battery mngmt Member=Component TP3 Test_point
Added Member To Class: ClassName=Battery mngmt Member=Component TP4 Test_point
Added Member To Class: ClassName=Battery mngmt Member=Component TP5 Test_point
Added Member To Class: ClassName=Battery mngmt Member=Component TP6 Test_point
Added Member To Class: ClassName=Battery mngmt Member=Component TP7 Test_point
Added Member To Class: ClassName=Battery mngmt Member=Component TP8 Test_point
Added Member To Class: ClassName=Battery mngmt Member=Component TP9 Test_point
Added Member To Class: ClassName=Battery mngmt Member=Component TP10 Test_point
Added Room: Name=Battery mngmt
Added Room: Name=Microcontroller module
