Added Component: Designator=TP1(Test point)
Added Component: Designator=TP2(Test point)
Added Component: Designator=TP3(Test point)
Added Component: Designator=TP4(Test point)
Added Component: Designator=TP5(Test point)
Added Component: Designator=TP6(Test point)
Added Component: Designator=TP7(Test point)
Added Component: Designator=TP8(Test point)
Added Component: Designator=TP9(Test point)
Added Component: Designator=TP10(Test point)
Added Pin To Net: NetName=NetIC1_25 Pin=TP1-1
Added Pin To Net: NetName=NetC2_1 Pin=TP2-1
Added Pin To Net: NetName=NetC6_1 Pin=TP3-1
Added Pin To Net: NetName=P0.10 Pin=TP4-1
Added Pin To Net: NetName=P0.13 Pin=TP5-1
Added Pin To Net: NetName=P0.11 Pin=TP6-1
Added Pin To Net: NetName=BUCK Pin=TP7-1
Added Pin To Net: NetName=NetIC1_16 Pin=TP8-1
Added Pin To Net: NetName=VDD Pin=TP9-1
Added Pin To Net: NetName=NetC4_1 Pin=TP10-1
Added Member To Class: ClassName=Battery mngmt Member=Component TP1 Test_point
Added Member To Class: ClassName=Battery mngmt Member=Component TP2 Test_point
Added Member To Class: ClassName=Battery mngmt Member=Component TP3 Test_point
Added Member To Class: ClassName=Battery mngmt Member=Component TP4 Test_point
Added Member To Class: ClassName=Battery mngmt Member=Component TP5 Test_point
Added Member To Class: ClassName=Battery mngmt Member=Component TP6 Test_point
Added Member To Class: ClassName=Battery mngmt Member=Component TP7 Test_point
Added Member To Class: ClassName=Battery mngmt Member=Component TP8 Test_point
Added Member To Class: ClassName=Battery mngmt Member=Component TP9 Test_point
Added Member To Class: ClassName=Battery mngmt Member=Component TP10 Test_point
